[2026-04-15 18:16:26,386] INFO [Broker id=1] Transitioning 1 partition(s) to local leaders. (state.change.logger)
[2026-04-15 18:16:26,388] INFO [Broker id=1] Creating new partition course-1-0 with topic id yE6Dt7rHQ8ejVxIk1Zvbzg. (state.change.logger)
[2026-04-15 18:16:26,399] INFO [Broker id=1] Leader course-1-0 with topic id Some(yE6Dt7rHQ8ejVxIk1Zvbzg) starts at leader epoch 0 from offset 0 with partition epoch 0, high watermark 0, ISR [1], adding replicas [] and removing replicas [] . Previous leader None and previous leader epoch was -1. (state.change.logger)
[2026-04-15 18:19:15,283] INFO [Broker id=1] Transitioning 1 partition(s) to local leaders. (state.change.logger)
[2026-04-15 18:19:15,283] INFO [Broker id=1] Creating new partition course-3-0 with topic id rdVaeUqQRrCA7dm2IyEkOA. (state.change.logger)
[2026-04-15 18:19:15,298] INFO [Broker id=1] Leader course-3-0 with topic id Some(rdVaeUqQRrCA7dm2IyEkOA) starts at leader epoch 0 from offset 0 with partition epoch 0, high watermark 0, ISR [1], adding replicas [] and removing replicas [] . Previous leader None and previous leader epoch was -1. (state.change.logger)
[2026-04-15 18:19:36,512] INFO [Broker id=1] Transitioning 50 partition(s) to local leaders. (state.change.logger)
[2026-04-15 18:19:36,514] INFO [Broker id=1] Creating new partition __consumer_offsets-13 with topic id IHwoguUgTpOlhk7QzPKKnw. (state.change.logger)
[2026-04-15 18:19:36,542] INFO [Broker id=1] Leader __consumer_offsets-13 with topic id Some(IHwoguUgTpOlhk7QzPKKnw) starts at leader epoch 0 from offset 0 with partition epoch 0, high watermark 0, ISR [1], adding replicas [] and removing replicas [] . Previous leader None and previous leader epoch was -1. (state.change.logger)
[2026-04-15 18:19:36,548] INFO [Broker id=1] Creating new partition __consumer_offsets-46 with topic id IHwoguUgTpOlhk7QzPKKnw. (state.change.logger)
[2026-04-15 18:19:36,580] INFO [Broker id=1] Leader __consumer_offsets-46 with topic id Some(IHwoguUgTpOlhk7QzPKKnw) starts at leader epoch 0 from offset 0 with partition epoch 0, high watermark 0, ISR [1], adding replicas [] and removing replicas [] . Previous leader None and previous leader epoch was -1. (state.change.logger)
[2026-04-15 18:19:36,596] INFO [Broker id=1] Creating new partition __consumer_offsets-9 with topic id IHwoguUgTpOlhk7QzPKKnw. (state.change.logger)
[2026-04-15 18:19:36,615] INFO [Broker id=1] Leader __consumer_offsets-9 with topic id Some(IHwoguUgTpOlhk7QzPKKnw) starts at leader epoch 0 from offset 0 with partition epoch 0, high watermark 0, ISR [1], adding replicas [] and removing replicas [] . Previous leader None and previous leader epoch was -1. (state.change.logger)
[2026-04-15 18:19:36,622] INFO [Broker id=1] Creating new partition __consumer_offsets-42 with topic id IHwoguUgTpOlhk7QzPKKnw. (state.change.logger)
[2026-04-15 18:19:36,639] INFO [Broker id=1] Leader __consumer_offsets-42 with topic id Some(IHwoguUgTpOlhk7QzPKKnw) starts at leader epoch 0 from offset 0 with partition epoch 0, high watermark 0, ISR [1], adding replicas [] and removing replicas [] . Previous leader None and previous leader epoch was -1. (state.change.logger)
[2026-04-15 18:19:36,643] INFO [Broker id=1] Creating new partition __consumer_offsets-21 with topic id IHwoguUgTpOlhk7QzPKKnw. (state.change.logger)
[2026-04-15 18:19:36,650] INFO [Broker id=1] Leader __consumer_offsets-21 with topic id Some(IHwoguUgTpOlhk7QzPKKnw) starts at leader epoch 0 from offset 0 with partition epoch 0, high watermark 0, ISR [1], adding replicas [] and removing replicas [] . Previous leader None and previous leader epoch was -1. (state.change.logger)
[2026-04-15 18:19:36,653] INFO [Broker id=1] Creating new partition __consumer_offsets-17 with topic id IHwoguUgTpOlhk7QzPKKnw. (state.change.logger)
[2026-04-15 18:19:36,664] INFO [Broker id=1] Leader __consumer_offsets-17 with topic id Some(IHwoguUgTpOlhk7QzPKKnw) starts at leader epoch 0 from offset 0 with partition epoch 0, high watermark 0, ISR [1], adding replicas [] and removing replicas [] . Previous leader None and previous leader epoch was -1. (state.change.logger)
[2026-04-15 18:19:36,678] INFO [Broker id=1] Creating new partition __consumer_offsets-30 with topic id IHwoguUgTpOlhk7QzPKKnw. (state.change.logger)
[2026-04-15 18:19:36,695] INFO [Broker id=1] Leader __consumer_offsets-30 with topic id Some(IHwoguUgTpOlhk7QzPKKnw) starts at leader epoch 0 from offset 0 with partition epoch 0, high watermark 0, ISR [1], adding replicas [] and removing replicas [] . Previous leader None and previous leader epoch was -1. (state.change.logger)
[2026-04-15 18:19:36,701] INFO [Broker id=1] Creating new partition __consumer_offsets-26 with topic id IHwoguUgTpOlhk7QzPKKnw. (state.change.logger)
[2026-04-15 18:19:36,715] INFO [Broker id=1] Leader __consumer_offsets-26 with topic id Some(IHwoguUgTpOlhk7QzPKKnw) starts at leader epoch 0 from offset 0 with partition epoch 0, high watermark 0, ISR [1], adding replicas [] and removing replicas [] . Previous leader None and previous leader epoch was -1. (state.change.logger)
[2026-04-15 18:19:36,724] INFO [Broker id=1] Creating new partition __consumer_offsets-5 with topic id IHwoguUgTpOlhk7QzPKKnw. (state.change.logger)
[2026-04-15 18:19:36,741] INFO [Broker id=1] Leader __consumer_offsets-5 with topic id Some(IHwoguUgTpOlhk7QzPKKnw) starts at leader epoch 0 from offset 0 with partition epoch 0, high watermark 0, ISR [1], adding replicas [] and removing replicas [] . Previous leader None and previous leader epoch was -1. (state.change.logger)
[2026-04-15 18:19:36,744] INFO [Broker id=1] Creating new partition __consumer_offsets-38 with topic id IHwoguUgTpOlhk7QzPKKnw. (state.change.logger)
[2026-04-15 18:19:36,761] INFO [Broker id=1] Leader __consumer_offsets-38 with topic id Some(IHwoguUgTpOlhk7QzPKKnw) starts at leader epoch 0 from offset 0 with partition epoch 0, high watermark 0, ISR [1], adding replicas [] and removing replicas [] . Previous leader None and previous leader epoch was -1. (state.change.logger)
[2026-04-15 18:19:36,768] INFO [Broker id=1] Creating new partition __consumer_offsets-1 with topic id IHwoguUgTpOlhk7QzPKKnw. (state.change.logger)
[2026-04-15 18:19:36,788] INFO [Broker id=1] Leader __consumer_offsets-1 with topic id Some(IHwoguUgTpOlhk7QzPKKnw) starts at leader epoch 0 from offset 0 with partition epoch 0, high watermark 0, ISR [1], adding replicas [] and removing replicas [] . Previous leader None and previous leader epoch was -1. (state.change.logger)
[2026-04-15 18:19:36,810] INFO [Broker id=1] Creating new partition __consumer_offsets-34 with topic id IHwoguUgTpOlhk7QzPKKnw. (state.change.logger)
[2026-04-15 18:19:36,837] INFO [Broker id=1] Leader __consumer_offsets-34 with topic id Some(IHwoguUgTpOlhk7QzPKKnw) starts at leader epoch 0 from offset 0 with partition epoch 0, high watermark 0, ISR [1], adding replicas [] and removing replicas [] . Previous leader None and previous leader epoch was -1. (state.change.logger)
[2026-04-15 18:19:36,841] INFO [Broker id=1] Creating new partition __consumer_offsets-16 with topic id IHwoguUgTpOlhk7QzPKKnw. (state.change.logger)
[2026-04-15 18:19:36,853] INFO [Broker id=1] Leader __consumer_offsets-16 with topic id Some(IHwoguUgTpOlhk7QzPKKnw) starts at leader epoch 0 from offset 0 with partition epoch 0, high watermark 0, ISR [1], adding replicas [] and removing replicas [] . Previous leader None and previous leader epoch was -1. (state.change.logger)
[2026-04-15 18:19:36,853] INFO [Broker id=1] Creating new partition __consumer_offsets-45 with topic id IHwoguUgTpOlhk7QzPKKnw. (state.change.logger)
[2026-04-15 18:19:36,883] INFO [Broker id=1] Leader __consumer_offsets-45 with topic id Some(IHwoguUgTpOlhk7QzPKKnw) starts at leader epoch 0 from offset 0 with partition epoch 0, high watermark 0, ISR [1], adding replicas [] and removing replicas [] . Previous leader None and previous leader epoch was -1. (state.change.logger)
[2026-04-15 18:19:36,887] INFO [Broker id=1] Creating new partition __consumer_offsets-12 with topic id IHwoguUgTpOlhk7QzPKKnw. (state.change.logger)
[2026-04-15 18:19:36,909] INFO [Broker id=1] Leader __consumer_offsets-12 with topic id Some(IHwoguUgTpOlhk7QzPKKnw) starts at leader epoch 0 from offset 0 with partition epoch 0, high watermark 0, ISR [1], adding replicas [] and removing replicas [] . Previous leader None and previous leader epoch was -1. (state.change.logger)
[2026-04-15 18:19:36,921] INFO [Broker id=1] Creating new partition __consumer_offsets-41 with topic id IHwoguUgTpOlhk7QzPKKnw. (state.change.logger)
[2026-04-15 18:19:36,935] INFO [Broker id=1] Leader __consumer_offsets-41 with topic id Some(IHwoguUgTpOlhk7QzPKKnw) starts at leader epoch 0 from offset 0 with partition epoch 0, high watermark 0, ISR [1], adding replicas [] and removing replicas [] . Previous leader None and previous leader epoch was -1. (state.change.logger)
[2026-04-15 18:19:36,943] INFO [Broker id=1] Creating new partition __consumer_offsets-24 with topic id IHwoguUgTpOlhk7QzPKKnw. (state.change.logger)
[2026-04-15 18:19:36,957] INFO [Broker id=1] Leader __consumer_offsets-24 with topic id Some(IHwoguUgTpOlhk7QzPKKnw) starts at leader epoch 0 from offset 0 with partition epoch 0, high watermark 0, ISR [1], adding replicas [] and removing replicas [] . Previous leader None and previous leader epoch was -1. (state.change.logger)
[2026-04-15 18:19:36,961] INFO [Broker id=1] Creating new partition __consumer_offsets-20 with topic id IHwoguUgTpOlhk7QzPKKnw. (state.change.logger)
[2026-04-15 18:19:36,976] INFO [Broker id=1] Leader __consumer_offsets-20 with topic id Some(IHwoguUgTpOlhk7QzPKKnw) starts at leader epoch 0 from offset 0 with partition epoch 0, high watermark 0, ISR [1], adding replicas [] and removing replicas [] . Previous leader None and previous leader epoch was -1. (state.change.logger)
[2026-04-15 18:19:36,979] INFO [Broker id=1] Creating new partition __consumer_offsets-49 with topic id IHwoguUgTpOlhk7QzPKKnw. (state.change.logger)
[2026-04-15 18:19:36,989] INFO [Broker id=1] Leader __consumer_offsets-49 with topic id Some(IHwoguUgTpOlhk7QzPKKnw) starts at leader epoch 0 from offset 0 with partition epoch 0, high watermark 0, ISR [1], adding replicas [] and removing replicas [] . Previous leader None and previous leader epoch was -1. (state.change.logger)
[2026-04-15 18:19:36,993] INFO [Broker id=1] Creating new partition __consumer_offsets-0 with topic id IHwoguUgTpOlhk7QzPKKnw. (state.change.logger)
[2026-04-15 18:19:37,009] INFO [Broker id=1] Leader __consumer_offsets-0 with topic id Some(IHwoguUgTpOlhk7QzPKKnw) starts at leader epoch 0 from offset 0 with partition epoch 0, high watermark 0, ISR [1], adding replicas [] and removing replicas [] . Previous leader None and previous leader epoch was -1. (state.change.logger)
[2026-04-15 18:19:37,012] INFO [Broker id=1] Creating new partition __consumer_offsets-29 with topic id IHwoguUgTpOlhk7QzPKKnw. (state.change.logger)
[2026-04-15 18:19:37,024] INFO [Broker id=1] Leader __consumer_offsets-29 with topic id Some(IHwoguUgTpOlhk7QzPKKnw) starts at leader epoch 0 from offset 0 with partition epoch 0, high watermark 0, ISR [1], adding replicas [] and removing replicas [] . Previous leader None and previous leader epoch was -1. (state.change.logger)
[2026-04-15 18:19:37,030] INFO [Broker id=1] Creating new partition __consumer_offsets-25 with topic id IHwoguUgTpOlhk7QzPKKnw. (state.change.logger)
[2026-04-15 18:19:37,045] INFO [Broker id=1] Leader __consumer_offsets-25 with topic id Some(IHwoguUgTpOlhk7QzPKKnw) starts at leader epoch 0 from offset 0 with partition epoch 0, high watermark 0, ISR [1], adding replicas [] and removing replicas [] . Previous leader None and previous leader epoch was -1. (state.change.logger)
[2026-04-15 18:19:37,050] INFO [Broker id=1] Creating new partition __consumer_offsets-8 with topic id IHwoguUgTpOlhk7QzPKKnw. (state.change.logger)
[2026-04-15 18:19:37,064] INFO [Broker id=1] Leader __consumer_offsets-8 with topic id Some(IHwoguUgTpOlhk7QzPKKnw) starts at leader epoch 0 from offset 0 with partition epoch 0, high watermark 0, ISR [1], adding replicas [] and removing replicas [] . Previous leader None and previous leader epoch was -1. (state.change.logger)
[2026-04-15 18:19:37,064] INFO [Broker id=1] Creating new partition __consumer_offsets-37 with topic id IHwoguUgTpOlhk7QzPKKnw. (state.change.logger)
[2026-04-15 18:19:37,085] INFO [Broker id=1] Leader __consumer_offsets-37 with topic id Some(IHwoguUgTpOlhk7QzPKKnw) starts at leader epoch 0 from offset 0 with partition epoch 0, high watermark 0, ISR [1], adding replicas [] and removing replicas [] . Previous leader None and previous leader epoch was -1. (state.change.logger)
[2026-04-15 18:19:37,088] INFO [Broker id=1] Creating new partition __consumer_offsets-4 with topic id IHwoguUgTpOlhk7QzPKKnw. (state.change.logger)
[2026-04-15 18:19:37,100] INFO [Broker id=1] Leader __consumer_offsets-4 with topic id Some(IHwoguUgTpOlhk7QzPKKnw) starts at leader epoch 0 from offset 0 with partition epoch 0, high watermark 0, ISR [1], adding replicas [] and removing replicas [] . Previous leader None and previous leader epoch was -1. (state.change.logger)
[2026-04-15 18:19:37,108] INFO [Broker id=1] Creating new partition __consumer_offsets-33 with topic id IHwoguUgTpOlhk7QzPKKnw. (state.change.logger)
[2026-04-15 18:19:37,123] INFO [Broker id=1] Leader __consumer_offsets-33 with topic id Some(IHwoguUgTpOlhk7QzPKKnw) starts at leader epoch 0 from offset 0 with partition epoch 0, high watermark 0, ISR [1], adding replicas [] and removing replicas [] . Previous leader None and previous leader epoch was -1. (state.change.logger)
[2026-04-15 18:19:37,130] INFO [Broker id=1] Creating new partition __consumer_offsets-15 with topic id IHwoguUgTpOlhk7QzPKKnw. (state.change.logger)
[2026-04-15 18:19:37,143] INFO [Broker id=1] Leader __consumer_offsets-15 with topic id Some(IHwoguUgTpOlhk7QzPKKnw) starts at leader epoch 0 from offset 0 with partition epoch 0, high watermark 0, ISR [1], adding replicas [] and removing replicas [] . Previous leader None and previous leader epoch was -1. (state.change.logger)
[2026-04-15 18:19:37,168] INFO [Broker id=1] Creating new partition __consumer_offsets-48 with topic id IHwoguUgTpOlhk7QzPKKnw. (state.change.logger)
[2026-04-15 18:19:37,194] INFO [Broker id=1] Leader __consumer_offsets-48 with topic id Some(IHwoguUgTpOlhk7QzPKKnw) starts at leader epoch 0 from offset 0 with partition epoch 0, high watermark 0, ISR [1], adding replicas [] and removing replicas [] . Previous leader None and previous leader epoch was -1. (state.change.logger)
[2026-04-15 18:19:37,201] INFO [Broker id=1] Creating new partition __consumer_offsets-11 with topic id IHwoguUgTpOlhk7QzPKKnw. (state.change.logger)
[2026-04-15 18:19:37,224] INFO [Broker id=1] Leader __consumer_offsets-11 with topic id Some(IHwoguUgTpOlhk7QzPKKnw) starts at leader epoch 0 from offset 0 with partition epoch 0, high watermark 0, ISR [1], adding replicas [] and removing replicas [] . Previous leader None and previous leader epoch was -1. (state.change.logger)
[2026-04-15 18:19:37,235] INFO [Broker id=1] Creating new partition __consumer_offsets-44 with topic id IHwoguUgTpOlhk7QzPKKnw. (state.change.logger)
[2026-04-15 18:19:37,254] INFO [Broker id=1] Leader __consumer_offsets-44 with topic id Some(IHwoguUgTpOlhk7QzPKKnw) starts at leader epoch 0 from offset 0 with partition epoch 0, high watermark 0, ISR [1], adding replicas [] and removing replicas [] . Previous leader None and previous leader epoch was -1. (state.change.logger)
[2026-04-15 18:19:37,268] INFO [Broker id=1] Creating new partition __consumer_offsets-23 with topic id IHwoguUgTpOlhk7QzPKKnw. (state.change.logger)
[2026-04-15 18:19:37,293] INFO [Broker id=1] Leader __consumer_offsets-23 with topic id Some(IHwoguUgTpOlhk7QzPKKnw) starts at leader epoch 0 from offset 0 with partition epoch 0, high watermark 0, ISR [1], adding replicas [] and removing replicas [] . Previous leader None and previous leader epoch was -1. (state.change.logger)
[2026-04-15 18:19:37,296] INFO [Broker id=1] Creating new partition __consumer_offsets-19 with topic id IHwoguUgTpOlhk7QzPKKnw. (state.change.logger)
[2026-04-15 18:19:37,303] INFO [Broker id=1] Leader __consumer_offsets-19 with topic id Some(IHwoguUgTpOlhk7QzPKKnw) starts at leader epoch 0 from offset 0 with partition epoch 0, high watermark 0, ISR [1], adding replicas [] and removing replicas [] . Previous leader None and previous leader epoch was -1. (state.change.logger)
[2026-04-15 18:19:37,315] INFO [Broker id=1] Creating new partition __consumer_offsets-32 with topic id IHwoguUgTpOlhk7QzPKKnw. (state.change.logger)
[2026-04-15 18:19:37,329] INFO [Broker id=1] Leader __consumer_offsets-32 with topic id Some(IHwoguUgTpOlhk7QzPKKnw) starts at leader epoch 0 from offset 0 with partition epoch 0, high watermark 0, ISR [1], adding replicas [] and removing replicas [] . Previous leader None and previous leader epoch was -1. (state.change.logger)
[2026-04-15 18:19:37,332] INFO [Broker id=1] Creating new partition __consumer_offsets-28 with topic id IHwoguUgTpOlhk7QzPKKnw. (state.change.logger)
[2026-04-15 18:19:37,345] INFO [Broker id=1] Leader __consumer_offsets-28 with topic id Some(IHwoguUgTpOlhk7QzPKKnw) starts at leader epoch 0 from offset 0 with partition epoch 0, high watermark 0, ISR [1], adding replicas [] and removing replicas [] . Previous leader None and previous leader epoch was -1. (state.change.logger)
[2026-04-15 18:19:37,348] INFO [Broker id=1] Creating new partition __consumer_offsets-7 with topic id IHwoguUgTpOlhk7QzPKKnw. (state.change.logger)
[2026-04-15 18:19:37,365] INFO [Broker id=1] Leader __consumer_offsets-7 with topic id Some(IHwoguUgTpOlhk7QzPKKnw) starts at leader epoch 0 from offset 0 with partition epoch 0, high watermark 0, ISR [1], adding replicas [] and removing replicas [] . Previous leader None and previous leader epoch was -1. (state.change.logger)
[2026-04-15 18:19:37,371] INFO [Broker id=1] Creating new partition __consumer_offsets-40 with topic id IHwoguUgTpOlhk7QzPKKnw. (state.change.logger)
[2026-04-15 18:19:37,384] INFO [Broker id=1] Leader __consumer_offsets-40 with topic id Some(IHwoguUgTpOlhk7QzPKKnw) starts at leader epoch 0 from offset 0 with partition epoch 0, high watermark 0, ISR [1], adding replicas [] and removing replicas [] . Previous leader None and previous leader epoch was -1. (state.change.logger)
[2026-04-15 18:19:37,389] INFO [Broker id=1] Creating new partition __consumer_offsets-3 with topic id IHwoguUgTpOlhk7QzPKKnw. (state.change.logger)
[2026-04-15 18:19:37,398] INFO [Broker id=1] Leader __consumer_offsets-3 with topic id Some(IHwoguUgTpOlhk7QzPKKnw) starts at leader epoch 0 from offset 0 with partition epoch 0, high watermark 0, ISR [1], adding replicas [] and removing replicas [] . Previous leader None and previous leader epoch was -1. (state.change.logger)
[2026-04-15 18:19:37,402] INFO [Broker id=1] Creating new partition __consumer_offsets-36 with topic id IHwoguUgTpOlhk7QzPKKnw. (state.change.logger)
[2026-04-15 18:19:37,414] INFO [Broker id=1] Leader __consumer_offsets-36 with topic id Some(IHwoguUgTpOlhk7QzPKKnw) starts at leader epoch 0 from offset 0 with partition epoch 0, high watermark 0, ISR [1], adding replicas [] and removing replicas [] . Previous leader None and previous leader epoch was -1. (state.change.logger)
[2026-04-15 18:19:37,420] INFO [Broker id=1] Creating new partition __consumer_offsets-47 with topic id IHwoguUgTpOlhk7QzPKKnw. (state.change.logger)
[2026-04-15 18:19:37,429] INFO [Broker id=1] Leader __consumer_offsets-47 with topic id Some(IHwoguUgTpOlhk7QzPKKnw) starts at leader epoch 0 from offset 0 with partition epoch 0, high watermark 0, ISR [1], adding replicas [] and removing replicas [] . Previous leader None and previous leader epoch was -1. (state.change.logger)
[2026-04-15 18:19:37,433] INFO [Broker id=1] Creating new partition __consumer_offsets-14 with topic id IHwoguUgTpOlhk7QzPKKnw. (state.change.logger)
[2026-04-15 18:19:37,441] INFO [Broker id=1] Leader __consumer_offsets-14 with topic id Some(IHwoguUgTpOlhk7QzPKKnw) starts at leader epoch 0 from offset 0 with partition epoch 0, high watermark 0, ISR [1], adding replicas [] and removing replicas [] . Previous leader None and previous leader epoch was -1. (state.change.logger)
[2026-04-15 18:19:37,444] INFO [Broker id=1] Creating new partition __consumer_offsets-43 with topic id IHwoguUgTpOlhk7QzPKKnw. (state.change.logger)
[2026-04-15 18:19:37,459] INFO [Broker id=1] Leader __consumer_offsets-43 with topic id Some(IHwoguUgTpOlhk7QzPKKnw) starts at leader epoch 0 from offset 0 with partition epoch 0, high watermark 0, ISR [1], adding replicas [] and removing replicas [] . Previous leader None and previous leader epoch was -1. (state.change.logger)
[2026-04-15 18:19:37,466] INFO [Broker id=1] Creating new partition __consumer_offsets-10 with topic id IHwoguUgTpOlhk7QzPKKnw. (state.change.logger)
[2026-04-15 18:19:37,478] INFO [Broker id=1] Leader __consumer_offsets-10 with topic id Some(IHwoguUgTpOlhk7QzPKKnw) starts at leader epoch 0 from offset 0 with partition epoch 0, high watermark 0, ISR [1], adding replicas [] and removing replicas [] . Previous leader None and previous leader epoch was -1. (state.change.logger)
[2026-04-15 18:19:37,482] INFO [Broker id=1] Creating new partition __consumer_offsets-22 with topic id IHwoguUgTpOlhk7QzPKKnw. (state.change.logger)
[2026-04-15 18:19:37,492] INFO [Broker id=1] Leader __consumer_offsets-22 with topic id Some(IHwoguUgTpOlhk7QzPKKnw) starts at leader epoch 0 from offset 0 with partition epoch 0, high watermark 0, ISR [1], adding replicas [] and removing replicas [] . Previous leader None and previous leader epoch was -1. (state.change.logger)
[2026-04-15 18:19:37,496] INFO [Broker id=1] Creating new partition __consumer_offsets-18 with topic id IHwoguUgTpOlhk7QzPKKnw. (state.change.logger)
[2026-04-15 18:19:37,507] INFO [Broker id=1] Leader __consumer_offsets-18 with topic id Some(IHwoguUgTpOlhk7QzPKKnw) starts at leader epoch 0 from offset 0 with partition epoch 0, high watermark 0, ISR [1], adding replicas [] and removing replicas [] . Previous leader None and previous leader epoch was -1. (state.change.logger)
[2026-04-15 18:19:37,511] INFO [Broker id=1] Creating new partition __consumer_offsets-31 with topic id IHwoguUgTpOlhk7QzPKKnw. (state.change.logger)
[2026-04-15 18:19:37,519] INFO [Broker id=1] Leader __consumer_offsets-31 with topic id Some(IHwoguUgTpOlhk7QzPKKnw) starts at leader epoch 0 from offset 0 with partition epoch 0, high watermark 0, ISR [1], adding replicas [] and removing replicas [] . Previous leader None and previous leader epoch was -1. (state.change.logger)
[2026-04-15 18:19:37,525] INFO [Broker id=1] Creating new partition __consumer_offsets-27 with topic id IHwoguUgTpOlhk7QzPKKnw. (state.change.logger)
[2026-04-15 18:19:37,536] INFO [Broker id=1] Leader __consumer_offsets-27 with topic id Some(IHwoguUgTpOlhk7QzPKKnw) starts at leader epoch 0 from offset 0 with partition epoch 0, high watermark 0, ISR [1], adding replicas [] and removing replicas [] . Previous leader None and previous leader epoch was -1. (state.change.logger)
[2026-04-15 18:19:37,540] INFO [Broker id=1] Creating new partition __consumer_offsets-39 with topic id IHwoguUgTpOlhk7QzPKKnw. (state.change.logger)
[2026-04-15 18:19:37,547] INFO [Broker id=1] Leader __consumer_offsets-39 with topic id Some(IHwoguUgTpOlhk7QzPKKnw) starts at leader epoch 0 from offset 0 with partition epoch 0, high watermark 0, ISR [1], adding replicas [] and removing replicas [] . Previous leader None and previous leader epoch was -1. (state.change.logger)
[2026-04-15 18:19:37,551] INFO [Broker id=1] Creating new partition __consumer_offsets-6 with topic id IHwoguUgTpOlhk7QzPKKnw. (state.change.logger)
[2026-04-15 18:19:37,561] INFO [Broker id=1] Leader __consumer_offsets-6 with topic id Some(IHwoguUgTpOlhk7QzPKKnw) starts at leader epoch 0 from offset 0 with partition epoch 0, high watermark 0, ISR [1], adding replicas [] and removing replicas [] . Previous leader None and previous leader epoch was -1. (state.change.logger)
[2026-04-15 18:19:37,566] INFO [Broker id=1] Creating new partition __consumer_offsets-35 with topic id IHwoguUgTpOlhk7QzPKKnw. (state.change.logger)
[2026-04-15 18:19:37,577] INFO [Broker id=1] Leader __consumer_offsets-35 with topic id Some(IHwoguUgTpOlhk7QzPKKnw) starts at leader epoch 0 from offset 0 with partition epoch 0, high watermark 0, ISR [1], adding replicas [] and removing replicas [] . Previous leader None and previous leader epoch was -1. (state.change.logger)
[2026-04-15 18:19:37,581] INFO [Broker id=1] Creating new partition __consumer_offsets-2 with topic id IHwoguUgTpOlhk7QzPKKnw. (state.change.logger)
[2026-04-15 18:19:37,594] INFO [Broker id=1] Leader __consumer_offsets-2 with topic id Some(IHwoguUgTpOlhk7QzPKKnw) starts at leader epoch 0 from offset 0 with partition epoch 0, high watermark 0, ISR [1], adding replicas [] and removing replicas [] . Previous leader None and previous leader epoch was -1. (state.change.logger)
